<?xml version="1.0" encoding="UTF-8"?>
<!-- Generated by org.testng.reporters.JUnitReportReporter -->
<testsuite hostname="calance_123" name="TestNGT.NewTest" tests="1" failures="0" timestamp="1 Dec 2016 17:48:28 GMT" time="73.981" errors="0">
  <testcase name="testEasy" time="73.981" classname="TestNGT.NewTest"/>
</testsuite> <!-- TestNGT.NewTest -->
